<?xml version="1.0" encoding="UTF-8"?>
<testng-results skipped="0" failed="0" ignored="6" total="8" passed="2">
  <reporter-output>
  </reporter-output>
  <suite name="Default suite" duration-ms="8765" started-at="2022-02-08T14:09:52Z" finished-at="2022-02-08T14:10:01Z">
    <groups>
    </groups>
    <test name="Default test" duration-ms="8765" started-at="2022-02-08T14:09:52Z" finished-at="2022-02-08T14:10:01Z">
      <class name="TestCase.LoginTest">
        <test-method status="PASS" signature="setUp()[pri:0, instance:TestCase.LoginTest@1794d431]" name="setUp" is-config="true" duration-ms="20133" started-at="2022-02-08T19:39:32Z" finished-at="2022-02-08T19:39:52Z">
          <reporter-output>
          </reporter-output>
        </test-method> <!-- setUp -->
        <test-method status="PASS" signature="verify_login()[pri:1, instance:TestCase.LoginTest@1794d431]" name="verify_login" duration-ms="5761" started-at="2022-02-08T19:39:52Z" description="Verify user is able to login into the application" finished-at="2022-02-08T19:39:58Z">
          <reporter-output>
          </reporter-output>
        </test-method> <!-- verify_login -->
        <test-method status="PASS" signature="tearDown(org.testng.ITestResult)[pri:0, instance:TestCase.LoginTest@1794d431]" name="tearDown" is-config="true" duration-ms="1" started-at="2022-02-08T19:39:58Z" finished-at="2022-02-08T19:39:58Z">
          <params>
            <param index="0">
              <value>
                <![CDATA[[TestResult name=verify_login status=SUCCESS method=LoginTest.verify_login()[pri:1, instance:TestCase.LoginTest@1794d431] output={null}]]]>
              </value>
            </param>
          </params>
          <reporter-output>
          </reporter-output>
        </test-method> <!-- tearDown -->
        <test-method status="PASS" signature="tearDown()[pri:0, instance:TestCase.LoginTest@1794d431]" name="tearDown" is-config="true" duration-ms="1018" started-at="2022-02-08T19:40:01Z" finished-at="2022-02-08T19:40:02Z">
          <reporter-output>
          </reporter-output>
        </test-method> <!-- tearDown -->
      </class> <!-- TestCase.LoginTest -->
      <class name="TestCase.MenuCreationTest">
        <test-method status="PASS" signature="initClass()[pri:0, instance:TestCase.MenuCreationTest@42e26948]" name="initClass" is-config="true" duration-ms="1" started-at="2022-02-08T19:39:58Z" finished-at="2022-02-08T19:39:58Z">
          <reporter-output>
          </reporter-output>
        </test-method> <!-- initClass -->
        <test-method status="PASS" signature="createMenu()[pri:2, instance:TestCase.MenuCreationTest@42e26948]" name="createMenu" duration-ms="2950" started-at="2022-02-08T19:39:58Z" description="Verify the creation of menu" finished-at="2022-02-08T19:40:01Z">
          <reporter-output>
          </reporter-output>
        </test-method> <!-- createMenu -->
        <test-method status="PASS" signature="tearDown(org.testng.ITestResult)[pri:0, instance:TestCase.MenuCreationTest@42e26948]" name="tearDown" is-config="true" duration-ms="0" started-at="2022-02-08T19:40:01Z" finished-at="2022-02-08T19:40:01Z">
          <params>
            <param index="0">
              <value>
                <![CDATA[[TestResult name=createMenu status=SUCCESS method=MenuCreationTest.createMenu()[pri:2, instance:TestCase.MenuCreationTest@42e26948] output={null}]]]>
              </value>
            </param>
          </params>
          <reporter-output>
          </reporter-output>
        </test-method> <!-- tearDown -->
      </class> <!-- TestCase.MenuCreationTest -->
    </test> <!-- Default test -->
  </suite> <!-- Default suite -->
</testng-results>
